Change Component Parameter Component Kind in TP1 Old=Standard New=Standard (No BOM)
Change Component Parameter Component Kind in TP2 Old=Standard New=Standard (No BOM)
Change Component Parameter Component Kind in TP3 Old=Standard New=Standard (No BOM)
Replace Symbol from C1 CAP-THT in C:\Users\Marcelo\Desktop\GitHub Repos\TemporizadorAC\SCH\Power_Block.SchDoc with CAP-THT from LIB2022 - Passives.IntLib
Replace Symbol from C2 CAP-THT in C:\Users\Marcelo\Desktop\GitHub Repos\TemporizadorAC\SCH\Power_Block.SchDoc with CAP-THT from LIB2022 - Passives.IntLib
Replace Symbol from C3 CAP-THT in C:\Users\Marcelo\Desktop\GitHub Repos\TemporizadorAC\SCH\Power_Block.SchDoc with CAP-THT from LIB2022 - Passives.IntLib
Replace Symbol from C4 CAP-THT in C:\Users\Marcelo\Desktop\GitHub Repos\TemporizadorAC\SCH\Power_Block.SchDoc with CAP-THT from LIB2022 - Passives.IntLib
Replace Symbol from C5 CAPPOL-THT in C:\Users\Marcelo\Desktop\GitHub Repos\TemporizadorAC\SCH\Power_Block.SchDoc with CAPPOL-THT from LIB2022 - Passives.IntLib
Replace Symbol from CADJ CAPPOL-THT in C:\Users\Marcelo\Desktop\GitHub Repos\TemporizadorAC\SCH\Power_Block.SchDoc with CAPPOL-THT from LIB2022 - Passives.IntLib
Replace Symbol from D1 DIODE RECTIFIER in C:\Users\Marcelo\Desktop\GitHub Repos\TemporizadorAC\SCH\Power_Block.SchDoc with DIODE RECTIFIER from LIB2022 - Semiconductors.IntLib
Replace Symbol from D2 DIODE RECTIFIER in C:\Users\Marcelo\Desktop\GitHub Repos\TemporizadorAC\SCH\Power_Block.SchDoc with DIODE RECTIFIER from LIB2022 - Semiconductors.IntLib
Replace Symbol from D3 DIODE RECTIFIER in C:\Users\Marcelo\Desktop\GitHub Repos\TemporizadorAC\SCH\Power_Block.SchDoc with DIODE RECTIFIER from LIB2022 - Semiconductors.IntLib
Replace Symbol from D4 DIODE RECTIFIER in C:\Users\Marcelo\Desktop\GitHub Repos\TemporizadorAC\SCH\Power_Block.SchDoc with DIODE RECTIFIER from LIB2022 - Semiconductors.IntLib
Replace Symbol from DB1 W10M in C:\Users\Marcelo\Desktop\GitHub Repos\TemporizadorAC\SCH\Power_Block.SchDoc with W10M from LIB2022 - Semiconductors.IntLib
Replace Symbol from DZ1 DIODE ZENER in C:\Users\Marcelo\Desktop\GitHub Repos\TemporizadorAC\SCH\Power_Block.SchDoc with DIODE ZENER from LIB2022 - Semiconductors.IntLib
Replace Symbol from R1 RES-THT in C:\Users\Marcelo\Desktop\GitHub Repos\TemporizadorAC\SCH\Power_Block.SchDoc with RES-THT from LIB2022 - Passives.IntLib
Replace Symbol from R2 RES-THT in C:\Users\Marcelo\Desktop\GitHub Repos\TemporizadorAC\SCH\Power_Block.SchDoc with RES-THT from LIB2022 - Passives.IntLib
Replace Symbol from RP1 RES-THT in C:\Users\Marcelo\Desktop\GitHub Repos\TemporizadorAC\SCH\Power_Block.SchDoc with RES-THT from LIB2022 - Passives.IntLib
Replace Symbol from RP2 RES-THT in C:\Users\Marcelo\Desktop\GitHub Repos\TemporizadorAC\SCH\Power_Block.SchDoc with RES-THT from LIB2022 - Passives.IntLib
Replace Symbol from TP1 TP in C:\Users\Marcelo\Desktop\GitHub Repos\TemporizadorAC\SCH\Power_Block.SchDoc with TP from LIB2022 - Mechanicals.IntLib
Replace Symbol from TP2 TP in C:\Users\Marcelo\Desktop\GitHub Repos\TemporizadorAC\SCH\Power_Block.SchDoc with TP from LIB2022 - Mechanicals.IntLib
Replace Symbol from TP3 TP in C:\Users\Marcelo\Desktop\GitHub Repos\TemporizadorAC\SCH\Power_Block.SchDoc with TP from LIB2022 - Mechanicals.IntLib
Replace Symbol from U1 L7824ACV-DG in C:\Users\Marcelo\Desktop\GitHub Repos\TemporizadorAC\SCH\Power_Block.SchDoc with L7824ACV-DG from LIB2022 - ICs.IntLib
Replace Symbol from U2 LM317KCS in C:\Users\Marcelo\Desktop\GitHub Repos\TemporizadorAC\SCH\Power_Block.SchDoc with LM317KCS from LIB2022 - ICs.IntLib
